<?xml version="1.0" encoding="utf-8"?><testsuites name="pytest tests"><testsuite name="pytest" errors="0" failures="0" skipped="6" tests="25" time="8.971" timestamp="2026-03-28T05:42:52.539185+00:00" hostname="agent-env-a99b47fa-2881-4703-a086-0ddb9aaa1730"><testcase classname="tests.test_marketplace_api.TestMarketTerms" name="test_get_terms" time="0.267" /><testcase classname="tests.test_marketplace_api.TestMarketRegistration" name="test_get_profile_existing_user" time="0.411" /><testcase classname="tests.test_marketplace_api.TestMarketRegistration" name="test_register_seller_duplicate" time="0.400" /><testcase classname="tests.test_marketplace_api.TestMarketRegistration" name="test_register_buyer_duplicate" time="0.467" /><testcase classname="tests.test_marketplace_api.TestMarketRegistration" name="test_register_without_terms" time="0.671" /><testcase classname="tests.test_marketplace_api.TestMarketListings" name="test_create_listing" time="0.366" /><testcase classname="tests.test_marketplace_api.TestMarketListings" name="test_browse_listings" time="0.115" /><testcase classname="tests.test_marketplace_api.TestMarketListings" name="test_browse_listings_with_search" time="0.103" /><testcase classname="tests.test_marketplace_api.TestMarketListings" name="test_browse_listings_organic_filter" time="0.136" /><testcase classname="tests.test_marketplace_api.TestMarketListings" name="test_get_listing_detail" time="0.176" /><testcase classname="tests.test_marketplace_api.TestMarketListings" name="test_get_my_listings" time="0.367" /><testcase classname="tests.test_marketplace_api.TestMarketBidding" name="test_place_bid" time="0.443"><skipped type="pytest.skip" message="No suitable listing found for bidding test">/app/backend/tests/test_marketplace_api.py:259: No suitable listing found for bidding test</skipped></testcase><testcase classname="tests.test_marketplace_api.TestMarketBidding" name="test_get_bids_for_listing" time="0.438" /><testcase classname="tests.test_marketplace_api.TestMarketOrders" name="test_get_orders_all" time="0.368" /><testcase classname="tests.test_marketplace_api.TestMarketOrders" name="test_get_orders_as_seller" time="0.361" /><testcase classname="tests.test_marketplace_api.TestMarketOrders" name="test_get_orders_as_buyer" time="0.445" /><testcase classname="tests.test_marketplace_api.TestMarketOrders" name="test_get_order_detail" time="0.374"><skipped type="pytest.skip" message="No orders available for testing">/app/backend/tests/test_marketplace_api.py:341: No orders available for testing</skipped></testcase><testcase classname="tests.test_marketplace_api.TestMarketOrders" name="test_accept_bid_creates_order" time="0.495" /><testcase classname="tests.test_marketplace_api.TestMarketPayment" name="test_create_checkout_session" time="0.365"><skipped type="pytest.skip" message="No pending payment orders available">/app/backend/tests/test_marketplace_api.py:406: No pending payment orders available</skipped></testcase><testcase classname="tests.test_marketplace_api.TestMarketPayment" name="test_checkout_status" time="0.435" /><testcase classname="tests.test_marketplace_api.TestCommissionLogic" name="test_commission_structure_online" time="0.369"><skipped type="pytest.skip" message="No online payment orders to verify">/app/backend/tests/test_marketplace_api.py:446: No online payment orders to verify</skipped></testcase><testcase classname="tests.test_marketplace_api.TestCommissionLogic" name="test_commission_structure_direct" time="0.367"><skipped type="pytest.skip" message="No direct contact orders to verify">/app/backend/tests/test_marketplace_api.py:467: No direct contact orders to verify</skipped></testcase><testcase classname="tests.test_marketplace_api.TestMarketplaceEdgeCases" name="test_create_listing_without_auth" time="0.096" /><testcase classname="tests.test_marketplace_api.TestMarketplaceEdgeCases" name="test_place_bid_on_own_listing" time="0.431" /><testcase classname="tests.test_marketplace_api.TestMarketplaceEdgeCases" name="test_bid_exceeds_available_quantity" time="0.406"><skipped type="pytest.skip" message="Cannot test with own listing">/app/backend/tests/test_marketplace_api.py:534: Cannot test with own listing</skipped></testcase></testsuite></testsuites>