<?xml version="1.0" encoding="utf-8"?><testsuites name="pytest tests"><testsuite name="pytest" errors="0" failures="0" skipped="0" tests="16" time="13.115" timestamp="2026-03-28T05:12:11.851270+00:00" hostname="agent-env-a99b47fa-2881-4703-a086-0ddb9aaa1730"><testcase classname="tests.test_krishkai_api.TestHealth" name="test_health_check" time="0.100" /><testcase classname="tests.test_krishkai_api.TestAuth" name="test_register_new_user" time="0.320" /><testcase classname="tests.test_krishkai_api.TestAuth" name="test_register_duplicate_phone" time="0.130" /><testcase classname="tests.test_krishkai_api.TestAuth" name="test_login_success" time="0.335" /><testcase classname="tests.test_krishkai_api.TestAuth" name="test_login_invalid_credentials" time="0.097" /><testcase classname="tests.test_krishkai_api.TestAuth" name="test_get_profile" time="0.364" /><testcase classname="tests.test_krishkai_api.TestCropRecommendation" name="test_crop_recommend_success" time="4.397" /><testcase classname="tests.test_krishkai_api.TestCropRecommendation" name="test_crop_recommend_missing_fields" time="0.109" /><testcase classname="tests.test_krishkai_api.TestDiseaseDetection" name="test_disease_detect_with_image" time="3.262" /><testcase classname="tests.test_krishkai_api.TestDiseaseDetection" name="test_disease_detect_missing_image" time="0.097" /><testcase classname="tests.test_krishkai_api.TestChat" name="test_chat_message_success" time="2.170" /><testcase classname="tests.test_krishkai_api.TestChat" name="test_chat_history" time="1.382" /><testcase classname="tests.test_krishkai_api.TestCreditScoring" name="test_credit_assess_high_score" time="0.097" /><testcase classname="tests.test_krishkai_api.TestCreditScoring" name="test_credit_assess_low_score" time="0.096" /><testcase classname="tests.test_krishkai_api.TestKnowledgeBase" name="test_get_knowledge_base" time="0.099" /><testcase classname="tests.test_krishkai_api" name="test_cleanup_test_users" time="0.000" /></testsuite></testsuites>